( IT's NOT CHEATING)
I personally tested sites
First 25 people how
promo code
FREE $100!!
FREE KNIFE!
FREE EXPENSIVE SKINS
FREE 5$ AT FARMSKINS COM
FREE OPEN RANDOM CASE!!!!
WITH CODE
steamcommunity.com/groups/
steamcommunity.com/tradeoffer/
discord.gg/
trade4real.fun
shark-case.com
time4swap.com
csgoguncase.com
csgopolygon .com
code for $2
code - inj3ct0r
dhack.xyz
csgoguncase
BARONE10
……..../ . O . . O . .'\ : : : : : : |
1 random skin
freecases site
FREE!
feel free to add
RUS: 
KNIFE!
http://
https://
.com
.net
.ru
FREE 5$
FREE 10$
.org
🔴🔴🔴🔴🔴🔴⚪⚪⚪🔴🔴🔴🔴🔴🔴
I Am Selling Level Up Bot
eorwuvherubv9w8fhb9ae8rfh9aer8hfare
+rep Screm Mübarek <3
comment at my profile is " +rep
Copy & Paste one of these OR write whatever you want and I will do the same
